Arguments: 
  /Users/zhengzhiheng/.nvm/versions/node/v14.17.6/bin/node /usr/local/bin/yarn

PATH: 
  /Users/zhengzhiheng/.nvm/versions/node/v14.17.6/bin:/opt/apache-maven-3.5.4/bin:/Library/Java/JavaVirtualMachines/jdk1.8.0_212.jdk/Contents/Home/bin:/opt/apache-maven-3.5.4/bin:/Library/Java/JavaVirtualMachines/jdk1.8.0_212.jdk/Contents/Home/bin:/opt/local/bin:/opt/local/sbin:/Library/Frameworks/Python.framework/Versions/3.9/bin:/Library/Frameworks/Python.framework/Versions/3.6/bin:/Library/Frameworks/Python.framework/Versions/3.7/bin:/usr/local/bin:/usr/bin:/bin:/usr/sbin:/sbin:/Applications/VMware Fusion.app/Contents/Public:/usr/local/go/bin:/Library/Apple/usr/bin:/Applications/Wireshark.app/Contents/MacOS:/Users/zhengzhiheng/.nvm/versions/node/v14.17.6/bin:/opt/apache-maven-3.5.4/bin:/Library/Java/JavaVirtualMachines/jdk1.8.0_212.jdk/Contents/Home/bin:/Users/zhengzhiheng/anaconda3/condabin:/usr/local/sbin:/opt/local/bin:/opt/local/sbin:/Library/Frameworks/Python.framework/Versions/3.9/bin:/Library/Frameworks/Python.framework/Versions/3.6/bin:/Library/Frameworks/Python.framework/Versions/3.7/bin:/usr/local/apache-tomcat-9.0.13/bin:/usr/local/mysql/bin:/usr/local/bin:/usr/local/apache-tomcat-9.0.13/bin:/usr/local/mysql/bin

Yarn version: 
  1.22.10

Node version: 
  14.17.6

Platform: 
  darwin x64

Trace: 
  SyntaxError: /Users/zhengzhiheng/Desktop/myself/nodejs-practice/demo1/package.json: Unexpected token } in JSON at position 331
      at JSON.parse (<anonymous>)
      at /usr/local/lib/node_modules/yarn/lib/cli.js:1625:59
      at Generator.next (<anonymous>)
      at step (/usr/local/lib/node_modules/yarn/lib/cli.js:310:30)
      at /usr/local/lib/node_modules/yarn/lib/cli.js:321:13

npm manifest: 
  {
    "name": "node-demo-todolist",
    "version": "0.0.2",
    "description": "",
    "main": "cli.js",
    "keywords": [],
    "author": "",
    "license": "ISC",
    "bin": {
      "todo": "cli.js"
    },
    "files": [
      "*.js"
    ],
    "scripts": {
      "test": "jest"
    },
    "dependencies": {
      "commander": "^3.0.2",
      "inquirer": "^7.0.0",
    },
    "devDependencies": {
      "jest": "^27.2.1"
    }
  }

yarn manifest: 
  No manifest

Lockfile: 
  No lockfile
